# JRE version: Java(TM) SE Runtime Environment (8.0_111-b14) (build 1.8.0_111-b14)
# Java VM: Java HotSpot(TM) 64-Bit Server VM (25.111-b14 mixed mode linux-amd64 compressed oops)
Heap:
 PSYoungGen      total 171008K, used 7334K [0x00000000ec000000, 0x00000000f7e00000, 0x0000000100000000)
  eden space 155648K, 0% used [0x00000000ec000000,0x00000000ec000000,0x00000000f5800000)
  from space 15360K, 47% used [0x00000000f5800000,0x00000000f5f299e8,0x00000000f6700000)
  to   space 13312K, 0% used [0x00000000f6700000,0x00000000f6700000,0x00000000f7400000)
 ParOldGen       total 58880K, used 35512K [0x00000000c4000000, 0x00000000c7980000, 0x00000000ec000000)
  object space 58880K, 60% used [0x00000000c4000000,0x00000000c62ae180,0x00000000c7980000)
 Metaspace       used 50450K, capacity 51936K, committed 52056K, reserved 1093632K
  class space    used 6855K, capacity 7263K, committed 7296K, reserved 1048576K
GC Heap History (10 events):
Event: 8.829 GC heap after
Heap after GC invocations=10 (full 1):
 PSYoungGen      total 128000K, used 8169K [0x00000000ec000000, 0x00000000f4e80000, 0x0000000100000000)
  eden space 119808K, 0% used [0x00000000ec000000,0x00000000ec000000,0x00000000f3500000)
  from space 8192K, 99% used [0x00000000f3500000,0x00000000f3cfa498,0x00000000f3d00000)
  to   space 9728K, 0% used [0x00000000f4500000,0x00000000f4500000,0x00000000f4e80000)
 ParOldGen       total 37376K, used 12280K [0x00000000c4000000, 0x00000000c6480000, 0x00000000ec000000)
  object space 37376K, 32% used [0x00000000c4000000,0x00000000c4bfe3f0,0x00000000c6480000)
 Metaspace       used 31251K, capacity 31760K, committed 32256K, reserved 1077248K
  class space    used 4289K, capacity 4483K, committed 4608K, reserved 1048576K
}
Event: 10.001 GC heap before
{Heap before GC invocations=11 (full 1):
 PSYoungGen      total 128000K, used 77079K [0x00000000ec000000, 0x00000000f4e80000, 0x0000000100000000)
  eden space 119808K, 57% used [0x00000000ec000000,0x00000000f034ba48,0x00000000f3500000)
  from space 8192K, 99% used [0x00000000f3500000,0x00000000f3cfa498,0x00000000f3d00000)
  to   space 9728K, 0% used [0x00000000f4500000,0x00000000f4500000,0x00000000f4e80000)
 ParOldGen       total 37376K, used 12280K [0x00000000c4000000, 0x00000000c6480000, 0x00000000ec000000)
  object space 37376K, 32% used [0x00000000c4000000,0x00000000c4bfe3f0,0x00000000c6480000)
 Metaspace       used 34649K, capacity 35188K, committed 35416K, reserved 1079296K
  class space    used 4742K, capacity 4936K, committed 4992K, reserved 1048576K
Event: 10.037 GC heap after
Heap after GC invocations=11 (full 1):
 PSYoungGen      total 133632K, used 9711K [0x00000000ec000000, 0x00000000f7480000, 0x0000000100000000)
  eden space 123904K, 0% used [0x00000000ec000000,0x00000000ec000000,0x00000000f3900000)
  from space 9728K, 99% used [0x00000000f4500000,0x00000000f4e7bdf8,0x00000000f4e80000)
  to   space 12288K, 0% used [0x00000000f3900000,0x00000000f3900000,0x00000000f4500000)
 ParOldGen       total 37376K, used 16703K [0x00000000c4000000, 0x00000000c6480000, 0x00000000ec000000)
  object space 37376K, 44% used [0x00000000c4000000,0x00000000c504fc88,0x00000000c6480000)
 Metaspace       used 34649K, capacity 35188K, committed 35416K, reserved 1079296K
  class space    used 4742K, capacity 4936K, committed 4992K, reserved 1048576K
}
Event: 10.038 GC heap before
{Heap before GC invocations=12 (full 2):
 PSYoungGen      total 133632K, used 9711K [0x00000000ec000000, 0x00000000f7480000, 0x0000000100000000)
  eden space 123904K, 0% used [0x00000000ec000000,0x00000000ec000000,0x00000000f3900000)
  from space 9728K, 99% used [0x00000000f4500000,0x00000000f4e7bdf8,0x00000000f4e80000)
  to   space 12288K, 0% used [0x00000000f3900000,0x00000000f3900000,0x00000000f4500000)
 ParOldGen       total 37376K, used 16703K [0x00000000c4000000, 0x00000000c6480000, 0x00000000ec000000)
  object space 37376K, 44% used [0x00000000c4000000,0x00000000c504fc88,0x00000000c6480000)
 Metaspace       used 34649K, capacity 35188K, committed 35416K, reserved 1079296K
  class space    used 4742K, capacity 4936K, committed 4992K, reserved 1048576K
Event: 10.200 GC heap after
Heap after GC invocations=12 (full 2):
 PSYoungGen      total 133632K, used 0K [0x00000000ec000000, 0x00000000f7480000, 0x0000000100000000)
  eden space 123904K, 0% used [0x00000000ec000000,0x00000000ec000000,0x00000000f3900000)
  from space 9728K, 0% used [0x00000000f4500000,0x00000000f4500000,0x00000000f4e80000)
  to   space 12288K, 0% used [0x00000000f3900000,0x00000000f3900000,0x00000000f4500000)
 ParOldGen       total 58880K, used 21352K [0x00000000c4000000, 0x00000000c7980000, 0x00000000ec000000)
  object space 58880K, 36% used [0x00000000c4000000,0x00000000c54da0c8,0x00000000c7980000)
 Metaspace       used 34649K, capacity 35188K, committed 35416K, reserved 1079296K
  class space    used 4742K, capacity 4936K, committed 4992K, reserved 1048576K
}
Event: 16.746 GC heap before
{Heap before GC invocations=13 (full 2):
 PSYoungGen      total 133632K, used 123904K [0x00000000ec000000, 0x00000000f7480000, 0x0000000100000000)
  eden space 123904K, 100% used [0x00000000ec000000,0x00000000f3900000,0x00000000f3900000)
  from space 9728K, 0% used [0x00000000f4500000,0x00000000f4500000,0x00000000f4e80000)
  to   space 12288K, 0% used [0x00000000f3900000,0x00000000f3900000,0x00000000f4500000)
 ParOldGen       total 58880K, used 21352K [0x00000000c4000000, 0x00000000c7980000, 0x00000000ec000000)
  object space 58880K, 36% used [0x00000000c4000000,0x00000000c54da0c8,0x00000000c7980000)
 Metaspace       used 43341K, capacity 44168K, committed 44376K, reserved 1087488K
  class space    used 5893K, capacity 6174K, committed 6272K, reserved 1048576K
Event: 16.793 GC heap after
Heap after GC invocations=13 (full 2):
 PSYoungGen      total 136192K, used 9754K [0x00000000ec000000, 0x00000000f7400000, 0x0000000100000000)
  eden space 123904K, 0% used [0x00000000ec000000,0x00000000ec000000,0x00000000f3900000)
  from space 12288K, 79% used [0x00000000f3900000,0x00000000f4286948,0x00000000f4500000)
  to   space 13312K, 0% used [0x00000000f6700000,0x00000000f6700000,0x00000000f7400000)
 ParOldGen       total 58880K, used 21424K [0x00000000c4000000, 0x00000000c7980000, 0x00000000ec000000)
  object space 58880K, 36% used [0x00000000c4000000,0x00000000c54ec0d8,0x00000000c7980000)
 Metaspace       used 43341K, capacity 44168K, committed 44376K, reserved 1087488K
  class space    used 5893K, capacity 6174K, committed 6272K, reserved 1048576K
}
Event: 37.762 GC heap before
{Heap before GC invocations=14 (full 2):
 PSYoungGen      total 136192K, used 133658K [0x00000000ec000000, 0x00000000f7400000, 0x0000000100000000)
  eden space 123904K, 100% used [0x00000000ec000000,0x00000000f3900000,0x00000000f3900000)
  from space 12288K, 79% used [0x00000000f3900000,0x00000000f4286948,0x00000000f4500000)
  to   space 13312K, 0% used [0x00000000f6700000,0x00000000f6700000,0x00000000f7400000)
 ParOldGen       total 58880K, used 21424K [0x00000000c4000000, 0x00000000c7980000, 0x00000000ec000000)
  object space 58880K, 36% used [0x00000000c4000000,0x00000000c54ec0d8,0x00000000c7980000)
 Metaspace       used 48250K, capacity 49484K, committed 49624K, reserved 1091584K
  class space    used 6577K, capacity 6904K, committed 6912K, reserved 1048576K
Event: 39.015 GC heap after
Heap after GC invocations=14 (full 2):
 PSYoungGen      total 168960K, used 13302K [0x00000000ec000000, 0x00000000f7e00000, 0x0000000100000000)
  eden space 155648K, 0% used [0x00000000ec000000,0x00000000ec000000,0x00000000f5800000)
  from space 13312K, 99% used [0x00000000f6700000,0x00000000f73fd9b0,0x00000000f7400000)
  to   space 15360K, 0% used [0x00000000f5800000,0x00000000f5800000,0x00000000f6700000)
 ParOldGen       total 58880K, used 22843K [0x00000000c4000000, 0x00000000c7980000, 0x00000000ec000000)
  object space 58880K, 38% used [0x00000000c4000000,0x00000000c564ee90,0x00000000c7980000)
 Metaspace       used 48250K, capacity 49484K, committed 49624K, reserved 1091584K
  class space    used 6577K, capacity 6904K, committed 6912K, reserved 1048576K
}
Event: 134.953 GC heap before
{Heap before GC invocations=15 (full 2):
 PSYoungGen      total 168960K, used 168950K [0x00000000ec000000, 0x00000000f7e00000, 0x0000000100000000)
  eden space 155648K, 100% used [0x00000000ec000000,0x00000000f5800000,0x00000000f5800000)
  from space 13312K, 99% used [0x00000000f6700000,0x00000000f73fd9b0,0x00000000f7400000)
  to   space 15360K, 0% used [0x00000000f5800000,0x00000000f5800000,0x00000000f6700000)
 ParOldGen       total 58880K, used 22843K [0x00000000c4000000, 0x00000000c7980000, 0x00000000ec000000)
  object space 58880K, 38% used [0x00000000c4000000,0x00000000c564ee90,0x00000000c7980000)
 Metaspace       used 50450K, capacity 51936K, committed 52056K, reserved 1093632K
  class space    used 6855K, capacity 7263K, committed 7296K, reserved 1048576K

